nvdaPrevObjectData is empty 

 gesture: kb(desktop):tab
name: Popover Text
role: BUTTON (9)
roleText: None
states: COLLAPSED (512), HASPOPUP_DIALOG (140737488355328), FOCUSED (2), FOCUSABLE (16777216)
errorMessage: None
value: 
description: None
hasDetails: False
detailsRoles: ()
descriptionFrom: UNKNOWN (1)
keyboardShortcut: None
cellCoordsText: None
includeTableCellCoords: True
rowHeaderText: None
columnHeaderText: None
current: NO (false)

 gesture: kb(desktop):tab
name: Footnote 4
role: LINK (19)
roleText: None
states: LINKED (4096), FOCUSABLE (16777216), FOCUSED (2)
errorMessage: None
value: https://www.microsoft.com/en-gb/microsoft-365/outlook/email-and-calendar-software-microsoft-outlook?deeplink=%2fowa%2f&sdf=0#footnote4
description: None
hasDetails: False
detailsRoles: ()
descriptionFrom: UNKNOWN (1)
keyboardShortcut: None
cellCoordsText: None
includeTableCellCoords: True
rowHeaderText: None
columnHeaderText: None
current: NO (false)

 gesture: kb(desktop):shift+tab
name: Documentation Developer & IT
role: LINK (19)
roleText: None
states: LINKED (4096), FOCUSABLE (16777216), FOCUSED (2)
errorMessage: None
value: https://learn.microsoft.com/docs/
description: None
hasDetails: False
detailsRoles: ()
descriptionFrom: UNKNOWN (1)
keyboardShortcut: None
cellCoordsText: None
includeTableCellCoords: True
rowHeaderText: None
columnHeaderText: None
current: NO (false)

 gesture: kb(desktop):tab
name: None
role: PROPERTYPAGE (57)
roleText: None
states: FOCUSABLE (16777216), FOCUSED (2)
errorMessage: None
value: 
description: None
hasDetails: False
detailsRoles: ()
descriptionFrom: UNKNOWN (1)
keyboardShortcut: None
cellCoordsText: None
includeTableCellCoords: True
rowHeaderText: None
columnHeaderText: None
current: NO (false)

 gesture: kb(desktop):tab
name: Footnote 4
role: LINK (19)
roleText: None
states: LINKED (4096), FOCUSABLE (16777216), FOCUSED (2)
errorMessage: None
value: https://www.microsoft.com/en-gb/microsoft-365/outlook/email-and-calendar-software-microsoft-outlook?deeplink=%2fowa%2f&sdf=0#footnote4
description: None
hasDetails: False
detailsRoles: ()
descriptionFrom: UNKNOWN (1)
keyboardShortcut: None
cellCoordsText: None
includeTableCellCoords: True
rowHeaderText: None
columnHeaderText: None
current: NO (false)

 gesture: kb(desktop):tab
name: Popover Text
role: BUTTON (9)
roleText: None
states: COLLAPSED (512), HASPOPUP_DIALOG (140737488355328), FOCUSED (2), FOCUSABLE (16777216)
errorMessage: None
value: 
description: None
hasDetails: False
detailsRoles: ()
descriptionFrom: UNKNOWN (1)
keyboardShortcut: None
cellCoordsText: None
includeTableCellCoords: True
rowHeaderText: None
columnHeaderText: None
current: NO (false)
