nvdaPrevObjectData is empty 

 gesture: kb(desktop):tab
name: Confidence in research slide
role: TAB (22)
roleText: None
states: SELECTABLE (8388608), FOCUSABLE (16777216), FOCUSED (2), SELECTED (4)
errorMessage: None
value: 
description: None
hasDetails: False
detailsRoles: ()
descriptionFrom: UNKNOWN (1)
keyboardShortcut: None
cellCoordsText: None
includeTableCellCoords: True
rowHeaderText: None
columnHeaderText: None
current: NO (false)
positionInfo_indexInGroup: 1
positionInfo_similarItemsInGroup: 3

 gesture: kb(desktop):tab
name: Physical Sciences and Engineering
role: LINK (19)
roleText: None
states: LINKED (4096), FOCUSABLE (16777216), FOCUSED (2)
errorMessage: None
value: https://www.sciencedirect.com/#chemical-engineering
description: None
hasDetails: False
detailsRoles: ()
descriptionFrom: UNKNOWN (1)
keyboardShortcut: None
cellCoordsText: None
includeTableCellCoords: True
rowHeaderText: None
columnHeaderText: None
current: NO (false)

 gesture: kb(desktop):tab
name: Confidence in research slide
role: TAB (22)
roleText: None
states: SELECTABLE (8388608), FOCUSABLE (16777216), FOCUSED (2), SELECTED (4)
errorMessage: None
value: 
description: None
hasDetails: False
detailsRoles: ()
descriptionFrom: UNKNOWN (1)
keyboardShortcut: None
cellCoordsText: None
includeTableCellCoords: True
rowHeaderText: None
columnHeaderText: None
current: NO (false)
positionInfo_indexInGroup: 1
positionInfo_similarItemsInGroup: 3
