nvdaPrevObjectData is empty 

 gesture: kb(desktop):tab
name: None
role: LINK (19)
roleText: None
states: LINKED (4096), FOCUSABLE (16777216), FOCUSED (2)
errorMessage: None
value: https://adssettings.google.com/whythisad?source=display&reasons=Ad09R3R-rrzDOvPVQoR0Rjg0AHR-MbxkV1KwkSdK1Rg-BehtL3W3a-GQg65BbbFLGUUX2LIAMnATeZHyyl5KSNGNJNCqM90cotuWLSPCAHFcwcverv3dYJC4F2Roly2iWJKVmsx2U-8zHDLeTFp4Sn22CN8xP8SrNUOczKuY7YPE4JYNLRLKdJU6UL5CPALaZuzFRJQeRGLuZ7H0OWq6h18zysd42zcqDxQLptD8oHmsq91djC-r0IWPpzKnV3PXdOm1tR8vUvDrwLMY2xkDs_njDpQD0SCQ10lTHr_kGQYChL_54pFFE3ioapiqdlhtP_UarnkZeuhb3bwEU7VaPonQF7Z8HTXaAsSkNueYXoPhTrtXre9k-NmXzPvUNAXBmfkSmpabY60fSqvemcfJLq3b9u55nSRV8hGXJXtC31QorqGRDQ7XHanECwLC-KRpOPHjL67OZyuJZxZD3ErQfF1DuKxFgbOLbPm5fTEbS6EoUD0GjW3SV5Jpvrqo47wBBTaZbglSf1Jf5RuvIEf2JxzoytyOkC9z8Rcy3zoZAnHxDwk9_R-qewOQoWxVs4RPRPRWavPdoH_awSfYSY7KqhmQLjoLoUQnfsxm8wZiG8wI6Mngd6osP1zffaTyJFBsZGQ5sVJfUZJwP6efTMak5ItEfjimAjj-6X_d6WguoMOmXlfPm0o4Abqj-RegNMgwivE7vMUWULyzsy9qvQK6_wfk1NmBIs_aTWyC1kJT4mjxjiCTfo_d1iWX6pRM5aSpRuVLEATz5trXJpPBMipAoPEoOJUnfFbR73DIKQPfafsxhV0JkGc7dtqMOjUqb2PgVI4ARBiAzhtIEiCJ_0NWv8uK9o0tphKe5454gRIQH10kb0M-I6cDfurOlYXfiSqpVMVR5ZWTHgRZ7oI1g6xy3mH1A55fi69h2_gitK6p__fY2oPxXoawZxG-_4UbxpjSIyYpZ79tJjGBbclVJ5nOA3aBHP4uFbhC55b6RYKLYikB0RYjE7g6Hfpp4SlVNXgRaY1ahEl_GvzYpwGKRyAZy-9k5_8ZA86NqMg9NBH2wkqEsrAEpYlpQk2xhSc6wwLldXClmhCGy_ZhJtx4KHOiy1ETU07C7Hu0-oud2wRfsraWu_ABmqsCGjwLYhHZaJGPhHpotdtRAadYTBj4BIOjoVKfIZekA2fkGbKPurDaBDlnV6kENZlCBFO0f1VBf2bLCMq0E41S6rjSU-f6yBtRAxr7xIYIFLQVuR-iI-2wIfI_octs8UW7c51nm9pYFzyoMpGz5ZoN-J8o7RUzD8-CerE4v00n9eNWAA07ArlcElKuFe0oVNsTeexVVQuU9PU1pVJmJNZN6XvJgkmaZqXZAG1-GexJpo5PQ4xdxNaVXXp1_gpyaI1yY9bDoa25ofoAtRdos3WWlY6vnT4bwwi176HUueaNPZwFer57aPygYg5gBcobDWdktASDuUnqW-lftTzu5hwAp9sRyVyGBZY_zO4jWaa45ZF-h1jzB9AvbiIDIXFmo0JorP6bIt9XG4hTBomIYmmpIxiqapwm_qwIyhYlXrKY_Ja3rwpm1OjOzimlpSHEjTSDmhKRBAGIp5zGySBtG4yLeSo8LZiq_jbO9iOPcZnr6L7gFgLEDX5UJRT64q3bGQOPimgfxbC6MSMH4Ocq_G3RkInI8TVt-Qs1K2WdY2B1JzRq1qQZmxfvpXnIDZE7_iu7taBYXfgMv3YANagtshtwMQUykNBcpcELI86MM7mNY1xoKqQ2qrm0pcjl8AxCo2VyeoUk1fRkAfsdV3Rv5DoECYqQZ0EEcz0HH6ZEK3aN-hoWKTiYWfh-txKAGsXcRKqTdwhNAG1KegrblmtgK4p6wDGNisRhqBRcftpc3ciR7pGfbib4rYCW23hM6mw_KREW6H5LM_kfalP70xrhwe0azaxCJAaI2M7vNkpfZPf29PbmcVui6JFB02ocxvw1v9jHiYmoNU1DRGhvHqnhgoQzkGA2aK2te-empC0zeMOxVBcv3Lb6o3trfBXzL3u7Wvrhz2mnlOn4XXk0J6AbI5maYy3mt9xsfmNbSiD-udv9PAnrcpyqbMNu3C4D6RxhIQ&opi=122715837
description: None
hasDetails: False
detailsRoles: ()
descriptionFrom: UNKNOWN (1)
keyboardShortcut: None
cellCoordsText: None
includeTableCellCoords: True
rowHeaderText: None
columnHeaderText: None
current: NO (false)

 gesture: kb(desktop):tab
name: CNTBRY vs NK - Live
role: LINK (19)
roleText: None
states: LINKED (4096), FOCUSABLE (16777216), FOCUSED (2)
errorMessage: None
value: https://www.cricbuzz.com/live-cricket-scores/108049/cntbry-vs-nk-28th-match-super-smash-2024-25
description: Canterbury v Northern Knights, 28th Match - Live
hasDetails: False
detailsRoles: ()
descriptionFrom: TOOLTIP (tooltip)
keyboardShortcut: None
cellCoordsText: None
includeTableCellCoords: True
rowHeaderText: None
columnHeaderText: None
current: NO (false)

 gesture: kb(desktop):tab
name: Canterbury vs Northern Knights  LIVE
role: LINK (19)
roleText: None
states: OFFSCREEN (4194304), LINKED (4096), FOCUSED (2), FOCUSABLE (16777216)
errorMessage: None
value: https://www.cricbuzz.com/live-cricket-scores/108049/cntbry-vs-nk-28th-match-super-smash-2024-25
description: Canterbury v Northern Knights, 28th Match - Live
hasDetails: False
detailsRoles: ()
descriptionFrom: TOOLTIP (tooltip)
keyboardShortcut: None
cellCoordsText: None
includeTableCellCoords: True
rowHeaderText: None
columnHeaderText: None
current: NO (false)

 gesture: kb(desktop):tab
name: Abu Dhabi Knight Riders vs Dubai Capitals
role: LINK (19)
roleText: None
states: OFFSCREEN (4194304), LINKED (4096), FOCUSED (2), FOCUSABLE (16777216)
errorMessage: None
value: https://www.cricbuzz.com/live-cricket-scores/111221/adkr-vs-dcp-20th-match-ilt20
description: Abu Dhabi Knight Riders v Dubai Capitals, 20th Match - DCP Won
hasDetails: False
detailsRoles: ()
descriptionFrom: TOOLTIP (tooltip)
keyboardShortcut: None
cellCoordsText: None
includeTableCellCoords: True
rowHeaderText: None
columnHeaderText: None
current: NO (false)

 gesture: kb(desktop):tab
name: Vidarbha vs Rajasthan
role: LINK (19)
roleText: None
states: OFFSCREEN (4194304), LINKED (4096), FOCUSED (2), FOCUSABLE (16777216)
errorMessage: None
value: https://www.cricbuzz.com/live-cricket-scores/97860/vid-vs-raj-elite-group-b-ranji-trophy
description: Vidarbha v Rajasthan, Elite Group B - VID Won
hasDetails: False
detailsRoles: ()
descriptionFrom: TOOLTIP (tooltip)
keyboardShortcut: None
cellCoordsText: None
includeTableCellCoords: True
rowHeaderText: None
columnHeaderText: None
current: NO (false)

 gesture: kb(desktop):tab
name: Hyderabad vs Himachal Pradesh
role: LINK (19)
roleText: None
states: OFFSCREEN (4194304), LINKED (4096), FOCUSED (2), FOCUSABLE (16777216)
errorMessage: None
value: https://www.cricbuzz.com/live-cricket-scores/97846/hyd-vs-hp-elite-group-b-ranji-trophy
description: Hyderabad v Himachal Pradesh, Elite Group B - HYD Won
hasDetails: False
detailsRoles: ()
descriptionFrom: TOOLTIP (tooltip)
keyboardShortcut: None
cellCoordsText: None
includeTableCellCoords: True
rowHeaderText: None
columnHeaderText: None
current: NO (false)
