nvdaPrevObjectData is empty 

 gesture: kb(desktop):enter
name: DRIVERS
role: TAB (22)
roleText: None
states: SELECTABLE (8388608), FOCUSABLE (16777216), FOCUSED (2), SELECTED (4)
errorMessage: None
value: 
description: None
hasDetails: False
detailsRoles: ()
descriptionFrom: UNKNOWN (1)
keyboardShortcut: None
cellCoordsText: None
includeTableCellCoords: True
rowHeaderText: None
columnHeaderText: None
current: NO (false)
positionInfo_indexInGroup: 1
positionInfo_similarItemsInGroup: 3

 gesture: kb(desktop):tab
name: Skip to Video menu
role: LINK (19)
roleText: None
states: LINKED (4096), FOCUSABLE (16777216), FOCUSED (2)
errorMessage: None
value: https://www.formula1.com/#Video
description: None
hasDetails: False
detailsRoles: ()
descriptionFrom: UNKNOWN (1)
keyboardShortcut: None
cellCoordsText: None
includeTableCellCoords: True
rowHeaderText: None
columnHeaderText: None
current: NO (false)

 gesture: kb(desktop):tab
name: Get involved
role: LINK (19)
roleText: None
states: LINKED (4096), FOCUSABLE (16777216), FOCUSED (2)
errorMessage: None
value: https://www.formula1.com/en/page/get-involved
description: None
hasDetails: False
detailsRoles: ()
descriptionFrom: UNKNOWN (1)
keyboardShortcut: None
cellCoordsText: None
includeTableCellCoords: True
rowHeaderText: None
columnHeaderText: None
current: NO (false)

 gesture: kb(desktop):tab
name: Beginner's Guide
role: LINK (19)
roleText: None
states: LINKED (4096), FOCUSABLE (16777216), FOCUSED (2)
errorMessage: None
value: https://www.formula1.com/en/latest/tags/beginner-s-guide.7szZSRQkywApBCsTz1sDwg
description: None
hasDetails: False
detailsRoles: ()
descriptionFrom: UNKNOWN (1)
keyboardShortcut: None
cellCoordsText: None
includeTableCellCoords: True
rowHeaderText: None
columnHeaderText: None
current: NO (false)

 gesture: kb(desktop):tab
name: Results
role: LINK (19)
roleText: None
states: LINKED (4096), FOCUSABLE (16777216), FOCUSED (2)
errorMessage: None
value: https://www.formula1.com/en/results/2024/races
description: None
hasDetails: False
detailsRoles: ()
descriptionFrom: UNKNOWN (1)
keyboardShortcut: None
cellCoordsText: None
includeTableCellCoords: True
rowHeaderText: None
columnHeaderText: None
current: NO (false)

 gesture: kb(desktop):tab
name: Andrea KimiANTONELLI
role: LINK (19)
roleText: None
states: LINKED (4096), FOCUSABLE (16777216), FOCUSED (2)
errorMessage: None
value: https://www.formula1.com/en/drivers/kimi-antonelli
description: None
hasDetails: False
detailsRoles: ()
descriptionFrom: UNKNOWN (1)
keyboardShortcut: None
cellCoordsText: None
includeTableCellCoords: True
rowHeaderText: None
columnHeaderText: None
current: NO (false)

 gesture: kb(desktop):tab
name: Andrea KimiANTONELLI
role: LINK (19)
roleText: None
states: LINKED (4096), FOCUSABLE (16777216), FOCUSED (2)
errorMessage: None
value: https://www.formula1.com/en/drivers/kimi-antonelli
description: None
hasDetails: False
detailsRoles: ()
descriptionFrom: UNKNOWN (1)
keyboardShortcut: None
cellCoordsText: None
includeTableCellCoords: True
rowHeaderText: None
columnHeaderText: None
current: NO (false)

 gesture: kb(desktop):tab
name: OliverBEARMAN
role: LINK (19)
roleText: None
states: LINKED (4096), FOCUSABLE (16777216), FOCUSED (2)
errorMessage: None
value: https://www.formula1.com/en/drivers/oliver-bearman
description: None
hasDetails: False
detailsRoles: ()
descriptionFrom: UNKNOWN (1)
keyboardShortcut: None
cellCoordsText: None
includeTableCellCoords: True
rowHeaderText: None
columnHeaderText: None
current: NO (false)

 gesture: kb(desktop):tab
name: OliverBEARMAN
role: LINK (19)
roleText: None
states: LINKED (4096), FOCUSABLE (16777216), FOCUSED (2)
errorMessage: None
value: https://www.formula1.com/en/drivers/oliver-bearman
description: None
hasDetails: False
detailsRoles: ()
descriptionFrom: UNKNOWN (1)
keyboardShortcut: None
cellCoordsText: None
includeTableCellCoords: True
rowHeaderText: None
columnHeaderText: None
current: NO (false)

 gesture: kb(desktop):tab
name: OliverBEARMAN
role: LINK (19)
roleText: None
states: LINKED (4096), FOCUSABLE (16777216), FOCUSED (2)
errorMessage: None
value: https://www.formula1.com/en/drivers/oliver-bearman
description: None
hasDetails: False
detailsRoles: ()
descriptionFrom: UNKNOWN (1)
keyboardShortcut: None
cellCoordsText: None
includeTableCellCoords: True
rowHeaderText: None
columnHeaderText: None
current: NO (false)

 gesture: kb(desktop):tab
name: Esports
role: LINK (19)
roleText: None
states: LINKED (4096), FOCUSABLE (16777216), FOCUSED (2)
errorMessage: None
value: https://f1esports.com/
description: None
hasDetails: False
detailsRoles: ()
descriptionFrom: UNKNOWN (1)
keyboardShortcut: None
cellCoordsText: None
includeTableCellCoords: True
rowHeaderText: None
columnHeaderText: None
current: NO (false)

 gesture: kb(desktop):enter
name: CONSTRUCTORS
role: TAB (22)
roleText: None
states: SELECTABLE (8388608), FOCUSABLE (16777216), FOCUSED (2), SELECTED (4)
errorMessage: None
value: 
description: None
hasDetails: False
detailsRoles: ()
descriptionFrom: UNKNOWN (1)
keyboardShortcut: None
cellCoordsText: None
includeTableCellCoords: True
rowHeaderText: None
columnHeaderText: None
current: NO (false)
positionInfo_indexInGroup: 2
positionInfo_similarItemsInGroup: 3
