nvdaPrevObjectData is empty 

 gesture: kb(desktop):tab
name: ft12_feature column carousel_home specific|index
role: TAB (22)
roleText: None
states: SELECTABLE (8388608), FOCUSABLE (16777216), FOCUSED (2)
errorMessage: None
value: 
description: None
hasDetails: False
detailsRoles: ()
descriptionFrom: UNKNOWN (1)
keyboardShortcut: None
cellCoordsText: None
includeTableCellCoords: True
rowHeaderText: None
columnHeaderText: None
current: NO (false)
positionInfo_indexInGroup: 3
positionInfo_similarItemsInGroup: 4

 gesture: kb(desktop):shift+tab
name: ft12_feature column carousel_home specific|index
role: TAB (22)
roleText: None
states: SELECTABLE (8388608), FOCUSABLE (16777216), FOCUSED (2)
errorMessage: None
value: 
description: None
hasDetails: False
detailsRoles: ()
descriptionFrom: UNKNOWN (1)
keyboardShortcut: None
cellCoordsText: None
includeTableCellCoords: True
rowHeaderText: None
columnHeaderText: None
current: NO (false)
positionInfo_indexInGroup: 2
positionInfo_similarItemsInGroup: 4

 gesture: kb(desktop):tab
name: ft12_feature column carousel_home specific|index
role: TAB (22)
roleText: None
states: SELECTABLE (8388608), FOCUSABLE (16777216), FOCUSED (2)
errorMessage: None
value: 
description: None
hasDetails: False
detailsRoles: ()
descriptionFrom: UNKNOWN (1)
keyboardShortcut: None
cellCoordsText: None
includeTableCellCoords: True
rowHeaderText: None
columnHeaderText: None
current: NO (false)
positionInfo_indexInGroup: 3
positionInfo_similarItemsInGroup: 4

 gesture: kb(desktop):tab
name: ft12_feature column carousel_home specific|index
role: TAB (22)
roleText: None
states: SELECTABLE (8388608), FOCUSABLE (16777216), FOCUSED (2)
errorMessage: None
value: 
description: None
hasDetails: False
detailsRoles: ()
descriptionFrom: UNKNOWN (1)
keyboardShortcut: None
cellCoordsText: None
includeTableCellCoords: True
rowHeaderText: None
columnHeaderText: None
current: NO (false)
positionInfo_indexInGroup: 4
positionInfo_similarItemsInGroup: 4

 gesture: kb(desktop):shift+tab
name: ft12_feature column carousel_home specific|index
role: TAB (22)
roleText: None
states: SELECTABLE (8388608), FOCUSABLE (16777216), FOCUSED (2)
errorMessage: None
value: 
description: None
hasDetails: False
detailsRoles: ()
descriptionFrom: UNKNOWN (1)
keyboardShortcut: None
cellCoordsText: None
includeTableCellCoords: True
rowHeaderText: None
columnHeaderText: None
current: NO (false)
positionInfo_indexInGroup: 3
positionInfo_similarItemsInGroup: 4

 gesture: kb(desktop):tab
name: ft12_feature column carousel_home specific|index
role: TAB (22)
roleText: None
states: SELECTABLE (8388608), FOCUSABLE (16777216), FOCUSED (2)
errorMessage: None
value: 
description: None
hasDetails: False
detailsRoles: ()
descriptionFrom: UNKNOWN (1)
keyboardShortcut: None
cellCoordsText: None
includeTableCellCoords: True
rowHeaderText: None
columnHeaderText: None
current: NO (false)
positionInfo_indexInGroup: 4
positionInfo_similarItemsInGroup: 4

 gesture: kb(desktop):tab
name: ft12_feature column carousel_home specific|index
role: TAB (22)
roleText: None
states: SELECTABLE (8388608), FOCUSABLE (16777216), FOCUSED (2)
errorMessage: None
value: 
description: None
hasDetails: False
detailsRoles: ()
descriptionFrom: UNKNOWN (1)
keyboardShortcut: None
cellCoordsText: None
includeTableCellCoords: True
rowHeaderText: None
columnHeaderText: None
current: NO (false)
positionInfo_indexInGroup: 3
positionInfo_similarItemsInGroup: 3

 gesture: kb(desktop):shift+tab
name: ft12_feature column carousel_home specific|index
role: TAB (22)
roleText: None
states: SELECTABLE (8388608), FOCUSABLE (16777216), FOCUSED (2)
errorMessage: None
value: 
description: None
hasDetails: False
detailsRoles: ()
descriptionFrom: UNKNOWN (1)
keyboardShortcut: None
cellCoordsText: None
includeTableCellCoords: True
rowHeaderText: None
columnHeaderText: None
current: NO (false)
positionInfo_indexInGroup: 2
positionInfo_similarItemsInGroup: 3

 gesture: kb(desktop):tab
name: ft12_feature column carousel_home specific|index
role: TAB (22)
roleText: None
states: SELECTABLE (8388608), FOCUSABLE (16777216), FOCUSED (2)
errorMessage: None
value: 
description: None
hasDetails: False
detailsRoles: ()
descriptionFrom: UNKNOWN (1)
keyboardShortcut: None
cellCoordsText: None
includeTableCellCoords: True
rowHeaderText: None
columnHeaderText: None
current: NO (false)
positionInfo_indexInGroup: 3
positionInfo_similarItemsInGroup: 3

 gesture: kb(desktop):tab
name: ft12_feature column carousel_home specific|index
role: TAB (22)
roleText: None
states: SELECTABLE (8388608), FOCUSABLE (16777216), FOCUSED (2)
errorMessage: None
value: 
description: None
hasDetails: False
detailsRoles: ()
descriptionFrom: UNKNOWN (1)
keyboardShortcut: None
cellCoordsText: None
includeTableCellCoords: True
rowHeaderText: None
columnHeaderText: None
current: NO (false)
positionInfo_indexInGroup: 3
positionInfo_similarItemsInGroup: 3

 gesture: kb(desktop):shift+tab
name: ft12_feature column carousel_home specific|index
role: TAB (22)
roleText: None
states: SELECTABLE (8388608), FOCUSABLE (16777216), FOCUSED (2)
errorMessage: None
value: 
description: None
hasDetails: False
detailsRoles: ()
descriptionFrom: UNKNOWN (1)
keyboardShortcut: None
cellCoordsText: None
includeTableCellCoords: True
rowHeaderText: None
columnHeaderText: None
current: NO (false)
positionInfo_indexInGroup: 2
positionInfo_similarItemsInGroup: 3

 gesture: kb(desktop):tab
name: ft12_feature column carousel_home specific|index
role: TAB (22)
roleText: None
states: SELECTABLE (8388608), FOCUSABLE (16777216), FOCUSED (2)
errorMessage: None
value: 
description: None
hasDetails: False
detailsRoles: ()
descriptionFrom: UNKNOWN (1)
keyboardShortcut: None
cellCoordsText: None
includeTableCellCoords: True
rowHeaderText: None
columnHeaderText: None
current: NO (false)
positionInfo_indexInGroup: 3
positionInfo_similarItemsInGroup: 3

 gesture: kb(desktop):tab
name: ft12_feature column carousel_home specific|index
role: TAB (22)
roleText: None
states: SELECTABLE (8388608), FOCUSABLE (16777216), FOCUSED (2)
errorMessage: None
value: 
description: None
hasDetails: False
detailsRoles: ()
descriptionFrom: UNKNOWN (1)
keyboardShortcut: None
cellCoordsText: None
includeTableCellCoords: True
rowHeaderText: None
columnHeaderText: None
current: NO (false)
positionInfo_indexInGroup: 3
positionInfo_similarItemsInGroup: 3

 gesture: kb(desktop):shift+tab
name: ft12_feature column carousel_home specific|index
role: TAB (22)
roleText: None
states: SELECTABLE (8388608), FOCUSABLE (16777216), FOCUSED (2)
errorMessage: None
value: 
description: None
hasDetails: False
detailsRoles: ()
descriptionFrom: UNKNOWN (1)
keyboardShortcut: None
cellCoordsText: None
includeTableCellCoords: True
rowHeaderText: None
columnHeaderText: None
current: NO (false)
positionInfo_indexInGroup: 2
positionInfo_similarItemsInGroup: 3

 gesture: kb(desktop):tab
name: ft12_feature column carousel_home specific|index
role: TAB (22)
roleText: None
states: SELECTABLE (8388608), FOCUSABLE (16777216), FOCUSED (2)
errorMessage: None
value: 
description: None
hasDetails: False
detailsRoles: ()
descriptionFrom: UNKNOWN (1)
keyboardShortcut: None
cellCoordsText: None
includeTableCellCoords: True
rowHeaderText: None
columnHeaderText: None
current: NO (false)
positionInfo_indexInGroup: 3
positionInfo_similarItemsInGroup: 3

 gesture: kb(desktop):tab
name: ft12_feature column carousel_home specific|index
role: TAB (22)
roleText: None
states: SELECTABLE (8388608), FOCUSABLE (16777216), FOCUSED (2)
errorMessage: None
value: 
description: None
hasDetails: False
detailsRoles: ()
descriptionFrom: UNKNOWN (1)
keyboardShortcut: None
cellCoordsText: None
includeTableCellCoords: True
rowHeaderText: None
columnHeaderText: None
current: NO (false)
positionInfo_indexInGroup: 3
positionInfo_similarItemsInGroup: 4

 gesture: kb(desktop):shift+tab
name: ft12_feature column carousel_home specific|index
role: TAB (22)
roleText: None
states: SELECTABLE (8388608), FOCUSABLE (16777216), FOCUSED (2)
errorMessage: None
value: 
description: None
hasDetails: False
detailsRoles: ()
descriptionFrom: UNKNOWN (1)
keyboardShortcut: None
cellCoordsText: None
includeTableCellCoords: True
rowHeaderText: None
columnHeaderText: None
current: NO (false)
positionInfo_indexInGroup: 2
positionInfo_similarItemsInGroup: 4

 gesture: kb(desktop):tab
name: ft12_feature column carousel_home specific|index
role: TAB (22)
roleText: None
states: SELECTABLE (8388608), FOCUSABLE (16777216), FOCUSED (2)
errorMessage: None
value: 
description: None
hasDetails: False
detailsRoles: ()
descriptionFrom: UNKNOWN (1)
keyboardShortcut: None
cellCoordsText: None
includeTableCellCoords: True
rowHeaderText: None
columnHeaderText: None
current: NO (false)
positionInfo_indexInGroup: 3
positionInfo_similarItemsInGroup: 4

 gesture: kb(desktop):tab
name: ft12_feature column carousel_home specific|index
role: TAB (22)
roleText: None
states: SELECTABLE (8388608), FOCUSABLE (16777216), FOCUSED (2)
errorMessage: None
value: 
description: None
hasDetails: False
detailsRoles: ()
descriptionFrom: UNKNOWN (1)
keyboardShortcut: None
cellCoordsText: None
includeTableCellCoords: True
rowHeaderText: None
columnHeaderText: None
current: NO (false)
positionInfo_indexInGroup: 4
positionInfo_similarItemsInGroup: 4

 gesture: kb(desktop):shift+tab
name: ft12_feature column carousel_home specific|index
role: TAB (22)
roleText: None
states: SELECTABLE (8388608), FOCUSABLE (16777216), FOCUSED (2)
errorMessage: None
value: 
description: None
hasDetails: False
detailsRoles: ()
descriptionFrom: UNKNOWN (1)
keyboardShortcut: None
cellCoordsText: None
includeTableCellCoords: True
rowHeaderText: None
columnHeaderText: None
current: NO (false)
positionInfo_indexInGroup: 3
positionInfo_similarItemsInGroup: 4

 gesture: kb(desktop):tab
name: ft12_feature column carousel_home specific|index
role: TAB (22)
roleText: None
states: SELECTABLE (8388608), FOCUSABLE (16777216), FOCUSED (2)
errorMessage: None
value: 
description: None
hasDetails: False
detailsRoles: ()
descriptionFrom: UNKNOWN (1)
keyboardShortcut: None
cellCoordsText: None
includeTableCellCoords: True
rowHeaderText: None
columnHeaderText: None
current: NO (false)
positionInfo_indexInGroup: 4
positionInfo_similarItemsInGroup: 4

 gesture: kb(desktop):tab
name: ft12_feature column carousel_home specific|index
role: TAB (22)
roleText: None
states: SELECTABLE (8388608), FOCUSABLE (16777216), FOCUSED (2)
errorMessage: None
value: 
description: None
hasDetails: False
detailsRoles: ()
descriptionFrom: UNKNOWN (1)
keyboardShortcut: None
cellCoordsText: None
includeTableCellCoords: True
rowHeaderText: None
columnHeaderText: None
current: NO (false)
positionInfo_indexInGroup: 3
positionInfo_similarItemsInGroup: 3

 gesture: kb(desktop):shift+tab
name: ft12_feature column carousel_home specific|index
role: TAB (22)
roleText: None
states: SELECTABLE (8388608), FOCUSABLE (16777216), FOCUSED (2)
errorMessage: None
value: 
description: None
hasDetails: False
detailsRoles: ()
descriptionFrom: UNKNOWN (1)
keyboardShortcut: None
cellCoordsText: None
includeTableCellCoords: True
rowHeaderText: None
columnHeaderText: None
current: NO (false)
positionInfo_indexInGroup: 2
positionInfo_similarItemsInGroup: 3

 gesture: kb(desktop):tab
name: ft12_feature column carousel_home specific|index
role: TAB (22)
roleText: None
states: SELECTABLE (8388608), FOCUSABLE (16777216), FOCUSED (2)
errorMessage: None
value: 
description: None
hasDetails: False
detailsRoles: ()
descriptionFrom: UNKNOWN (1)
keyboardShortcut: None
cellCoordsText: None
includeTableCellCoords: True
rowHeaderText: None
columnHeaderText: None
current: NO (false)
positionInfo_indexInGroup: 3
positionInfo_similarItemsInGroup: 3

 gesture: kb(desktop):tab
name: ft12_feature column carousel_home specific|index
role: TAB (22)
roleText: None
states: SELECTABLE (8388608), FOCUSABLE (16777216), FOCUSED (2)
errorMessage: None
value: 
description: None
hasDetails: False
detailsRoles: ()
descriptionFrom: UNKNOWN (1)
keyboardShortcut: None
cellCoordsText: None
includeTableCellCoords: True
rowHeaderText: None
columnHeaderText: None
current: NO (false)
positionInfo_indexInGroup: 3
positionInfo_similarItemsInGroup: 3

 gesture: kb(desktop):shift+tab
name: ft12_feature column carousel_home specific|index
role: TAB (22)
roleText: None
states: SELECTABLE (8388608), FOCUSABLE (16777216), FOCUSED (2)
errorMessage: None
value: 
description: None
hasDetails: False
detailsRoles: ()
descriptionFrom: UNKNOWN (1)
keyboardShortcut: None
cellCoordsText: None
includeTableCellCoords: True
rowHeaderText: None
columnHeaderText: None
current: NO (false)
positionInfo_indexInGroup: 2
positionInfo_similarItemsInGroup: 3

 gesture: kb(desktop):tab
name: ft12_feature column carousel_home specific|index
role: TAB (22)
roleText: None
states: SELECTABLE (8388608), FOCUSABLE (16777216), FOCUSED (2)
errorMessage: None
value: 
description: None
hasDetails: False
detailsRoles: ()
descriptionFrom: UNKNOWN (1)
keyboardShortcut: None
cellCoordsText: None
includeTableCellCoords: True
rowHeaderText: None
columnHeaderText: None
current: NO (false)
positionInfo_indexInGroup: 3
positionInfo_similarItemsInGroup: 3
