nvdaPrevObjectData is empty 

 gesture: kb(desktop):tab
name: Home
role: TAB (22)
roleText: None
states: SELECTABLE (8388608), FOCUSABLE (16777216), FOCUSED (2), SELECTED (4)
errorMessage: None
value: 
description: None
hasDetails: False
detailsRoles: ()
descriptionFrom: UNKNOWN (1)
keyboardShortcut: None
cellCoordsText: None
includeTableCellCoords: True
rowHeaderText: None
columnHeaderText: None
current: NO (false)

 gesture: kb(desktop):tab
name: Shorts
role: TAB (22)
roleText: None
states: SELECTABLE (8388608), FOCUSABLE (16777216), FOCUSED (2)
errorMessage: None
value: 
description: None
hasDetails: False
detailsRoles: ()
descriptionFrom: UNKNOWN (1)
keyboardShortcut: None
cellCoordsText: None
includeTableCellCoords: True
rowHeaderText: None
columnHeaderText: None
current: NO (false)

 gesture: kb(desktop):tab
name: You
role: TAB (22)
roleText: None
states: SELECTABLE (8388608), FOCUSABLE (16777216), FOCUSED (2)
errorMessage: None
value: 
description: None
hasDetails: False
detailsRoles: ()
descriptionFrom: UNKNOWN (1)
keyboardShortcut: None
cellCoordsText: None
includeTableCellCoords: True
rowHeaderText: None
columnHeaderText: None
current: NO (false)

 gesture: kb(desktop):tab
name: Mixes
role: TAB (22)
roleText: None
states: SELECTABLE (8388608), FOCUSABLE (16777216), FOCUSED (2)
errorMessage: None
value: 
description: None
hasDetails: False
detailsRoles: ()
descriptionFrom: UNKNOWN (1)
keyboardShortcut: None
cellCoordsText: None
includeTableCellCoords: True
rowHeaderText: None
columnHeaderText: None
current: NO (false)
positionInfo_indexInGroup: 3
positionInfo_similarItemsInGroup: 10

 gesture: kb(desktop):tab
name: Dramedy
role: TAB (22)
roleText: None
states: SELECTABLE (8388608), FOCUSABLE (16777216), FOCUSED (2)
errorMessage: None
value: 
description: None
hasDetails: False
detailsRoles: ()
descriptionFrom: UNKNOWN (1)
keyboardShortcut: None
cellCoordsText: None
includeTableCellCoords: True
rowHeaderText: None
columnHeaderText: None
current: NO (false)
positionInfo_indexInGroup: 6
positionInfo_similarItemsInGroup: 10

 gesture: kb(desktop):tab
name: Pop Music
role: TAB (22)
roleText: None
states: SELECTABLE (8388608), FOCUSABLE (16777216), FOCUSED (2)
errorMessage: None
value: 
description: None
hasDetails: False
detailsRoles: ()
descriptionFrom: UNKNOWN (1)
keyboardShortcut: None
cellCoordsText: None
includeTableCellCoords: True
rowHeaderText: None
columnHeaderText: None
current: NO (false)
positionInfo_indexInGroup: 7
positionInfo_similarItemsInGroup: 10

 gesture: kb(desktop):tab
name: Recently uploaded
role: TAB (22)
roleText: None
states: SELECTABLE (8388608), FOCUSABLE (16777216), FOCUSED (2), SELECTED (4)
errorMessage: None
value: 
description: None
hasDetails: False
detailsRoles: ()
descriptionFrom: UNKNOWN (1)
keyboardShortcut: None
cellCoordsText: None
includeTableCellCoords: True
rowHeaderText: None
columnHeaderText: None
current: NO (false)
positionInfo_indexInGroup: 9
positionInfo_similarItemsInGroup: 10

 gesture: kb(desktop):tab
name: New to you
role: TAB (22)
roleText: None
states: SELECTABLE (8388608), FOCUSABLE (16777216), FOCUSED (2)
errorMessage: None
value: 
description: None
hasDetails: False
detailsRoles: ()
descriptionFrom: UNKNOWN (1)
keyboardShortcut: None
cellCoordsText: None
includeTableCellCoords: True
rowHeaderText: None
columnHeaderText: None
current: NO (false)
positionInfo_indexInGroup: 10
positionInfo_similarItemsInGroup: 10

 gesture: kb(desktop):tab
name: Home
role: TAB (22)
roleText: None
states: SELECTABLE (8388608), FOCUSABLE (16777216), FOCUSED (2), SELECTED (4)
errorMessage: None
value: 
description: None
hasDetails: False
detailsRoles: ()
descriptionFrom: UNKNOWN (1)
keyboardShortcut: None
cellCoordsText: None
includeTableCellCoords: True
rowHeaderText: None
columnHeaderText: None
current: NO (false)

 gesture: kb(desktop):tab
name: Shorts
role: TAB (22)
roleText: None
states: SELECTABLE (8388608), FOCUSABLE (16777216), FOCUSED (2)
errorMessage: None
value: 
description: None
hasDetails: False
detailsRoles: ()
descriptionFrom: UNKNOWN (1)
keyboardShortcut: None
cellCoordsText: None
includeTableCellCoords: True
rowHeaderText: None
columnHeaderText: None
current: NO (false)

 gesture: kb(desktop):tab
name: You
role: TAB (22)
roleText: None
states: SELECTABLE (8388608), FOCUSABLE (16777216), FOCUSED (2)
errorMessage: None
value: 
description: None
hasDetails: False
detailsRoles: ()
descriptionFrom: UNKNOWN (1)
keyboardShortcut: None
cellCoordsText: None
includeTableCellCoords: True
rowHeaderText: None
columnHeaderText: None
current: NO (false)

 gesture: kb(desktop):tab
name: All
role: TAB (22)
roleText: None
states: SELECTABLE (8388608), FOCUSABLE (16777216), FOCUSED (2)
errorMessage: None
value: 
description: None
hasDetails: False
detailsRoles: ()
descriptionFrom: UNKNOWN (1)
keyboardShortcut: None
cellCoordsText: None
includeTableCellCoords: True
rowHeaderText: None
columnHeaderText: None
current: NO (false)
positionInfo_indexInGroup: 1
positionInfo_similarItemsInGroup: 10

 gesture: kb(desktop):tab
name: Mixes
role: TAB (22)
roleText: None
states: SELECTABLE (8388608), FOCUSABLE (16777216), FOCUSED (2)
errorMessage: None
value: 
description: None
hasDetails: False
detailsRoles: ()
descriptionFrom: UNKNOWN (1)
keyboardShortcut: None
cellCoordsText: None
includeTableCellCoords: True
rowHeaderText: None
columnHeaderText: None
current: NO (false)
positionInfo_indexInGroup: 3
positionInfo_similarItemsInGroup: 10

 gesture: kb(desktop):tab
name: Sitcoms
role: TAB (22)
roleText: None
states: SELECTABLE (8388608), FOCUSABLE (16777216), FOCUSED (2)
errorMessage: None
value: 
description: None
hasDetails: False
detailsRoles: ()
descriptionFrom: UNKNOWN (1)
keyboardShortcut: None
cellCoordsText: None
includeTableCellCoords: True
rowHeaderText: None
columnHeaderText: None
current: NO (false)
positionInfo_indexInGroup: 4
positionInfo_similarItemsInGroup: 10

 gesture: kb(desktop):tab
name: Dramedy
role: TAB (22)
roleText: None
states: SELECTABLE (8388608), FOCUSABLE (16777216), FOCUSED (2)
errorMessage: None
value: 
description: None
hasDetails: False
detailsRoles: ()
descriptionFrom: UNKNOWN (1)
keyboardShortcut: None
cellCoordsText: None
includeTableCellCoords: True
rowHeaderText: None
columnHeaderText: None
current: NO (false)
positionInfo_indexInGroup: 6
positionInfo_similarItemsInGroup: 10

 gesture: kb(desktop):tab
name: Pop Music
role: TAB (22)
roleText: None
states: SELECTABLE (8388608), FOCUSABLE (16777216), FOCUSED (2)
errorMessage: None
value: 
description: None
hasDetails: False
detailsRoles: ()
descriptionFrom: UNKNOWN (1)
keyboardShortcut: None
cellCoordsText: None
includeTableCellCoords: True
rowHeaderText: None
columnHeaderText: None
current: NO (false)
positionInfo_indexInGroup: 7
positionInfo_similarItemsInGroup: 10

 gesture: kb(desktop):tab
name: Recently uploaded
role: TAB (22)
roleText: None
states: SELECTABLE (8388608), FOCUSABLE (16777216), FOCUSED (2), SELECTED (4)
errorMessage: None
value: 
description: None
hasDetails: False
detailsRoles: ()
descriptionFrom: UNKNOWN (1)
keyboardShortcut: None
cellCoordsText: None
includeTableCellCoords: True
rowHeaderText: None
columnHeaderText: None
current: NO (false)
positionInfo_indexInGroup: 9
positionInfo_similarItemsInGroup: 10

 gesture: kb(desktop):tab
name: New to you
role: TAB (22)
roleText: None
states: SELECTABLE (8388608), FOCUSABLE (16777216), FOCUSED (2)
errorMessage: None
value: 
description: None
hasDetails: False
detailsRoles: ()
descriptionFrom: UNKNOWN (1)
keyboardShortcut: None
cellCoordsText: None
includeTableCellCoords: True
rowHeaderText: None
columnHeaderText: None
current: NO (false)
positionInfo_indexInGroup: 10
positionInfo_similarItemsInGroup: 10

 gesture: kb(desktop):tab
name: Home
role: TAB (22)
roleText: None
states: SELECTABLE (8388608), FOCUSABLE (16777216), FOCUSED (2), SELECTED (4)
errorMessage: None
value: 
description: None
hasDetails: False
detailsRoles: ()
descriptionFrom: UNKNOWN (1)
keyboardShortcut: None
cellCoordsText: None
includeTableCellCoords: True
rowHeaderText: None
columnHeaderText: None
current: NO (false)

 gesture: kb(desktop):tab
name: Shorts
role: TAB (22)
roleText: None
states: SELECTABLE (8388608), FOCUSABLE (16777216), FOCUSED (2)
errorMessage: None
value: 
description: None
hasDetails: False
detailsRoles: ()
descriptionFrom: UNKNOWN (1)
keyboardShortcut: None
cellCoordsText: None
includeTableCellCoords: True
rowHeaderText: None
columnHeaderText: None
current: NO (false)

 gesture: kb(desktop):tab
name: You
role: TAB (22)
roleText: None
states: SELECTABLE (8388608), FOCUSABLE (16777216), FOCUSED (2)
errorMessage: None
value: 
description: None
hasDetails: False
detailsRoles: ()
descriptionFrom: UNKNOWN (1)
keyboardShortcut: None
cellCoordsText: None
includeTableCellCoords: True
rowHeaderText: None
columnHeaderText: None
current: NO (false)

 gesture: kb(desktop):tab
name: All
role: TAB (22)
roleText: None
states: SELECTABLE (8388608), FOCUSABLE (16777216), FOCUSED (2)
errorMessage: None
value: 
description: None
hasDetails: False
detailsRoles: ()
descriptionFrom: UNKNOWN (1)
keyboardShortcut: None
cellCoordsText: None
includeTableCellCoords: True
rowHeaderText: None
columnHeaderText: None
current: NO (false)
positionInfo_indexInGroup: 1
positionInfo_similarItemsInGroup: 10

 gesture: kb(desktop):tab
name: Mixes
role: TAB (22)
roleText: None
states: SELECTABLE (8388608), FOCUSABLE (16777216), FOCUSED (2)
errorMessage: None
value: 
description: None
hasDetails: False
detailsRoles: ()
descriptionFrom: UNKNOWN (1)
keyboardShortcut: None
cellCoordsText: None
includeTableCellCoords: True
rowHeaderText: None
columnHeaderText: None
current: NO (false)
positionInfo_indexInGroup: 3
positionInfo_similarItemsInGroup: 10

 gesture: kb(desktop):tab
name: Sitcoms
role: TAB (22)
roleText: None
states: SELECTABLE (8388608), FOCUSABLE (16777216), FOCUSED (2)
errorMessage: None
value: 
description: None
hasDetails: False
detailsRoles: ()
descriptionFrom: UNKNOWN (1)
keyboardShortcut: None
cellCoordsText: None
includeTableCellCoords: True
rowHeaderText: None
columnHeaderText: None
current: NO (false)
positionInfo_indexInGroup: 4
positionInfo_similarItemsInGroup: 10

 gesture: kb(desktop):tab
name: Dramedy
role: TAB (22)
roleText: None
states: SELECTABLE (8388608), FOCUSABLE (16777216), FOCUSED (2)
errorMessage: None
value: 
description: None
hasDetails: False
detailsRoles: ()
descriptionFrom: UNKNOWN (1)
keyboardShortcut: None
cellCoordsText: None
includeTableCellCoords: True
rowHeaderText: None
columnHeaderText: None
current: NO (false)
positionInfo_indexInGroup: 6
positionInfo_similarItemsInGroup: 10

 gesture: kb(desktop):tab
name: Pop Music
role: TAB (22)
roleText: None
states: SELECTABLE (8388608), FOCUSABLE (16777216), FOCUSED (2)
errorMessage: None
value: 
description: None
hasDetails: False
detailsRoles: ()
descriptionFrom: UNKNOWN (1)
keyboardShortcut: None
cellCoordsText: None
includeTableCellCoords: True
rowHeaderText: None
columnHeaderText: None
current: NO (false)
positionInfo_indexInGroup: 7
positionInfo_similarItemsInGroup: 10

 gesture: kb(desktop):tab
name: Recently uploaded
role: TAB (22)
roleText: None
states: SELECTABLE (8388608), FOCUSABLE (16777216), FOCUSED (2), SELECTED (4)
errorMessage: None
value: 
description: None
hasDetails: False
detailsRoles: ()
descriptionFrom: UNKNOWN (1)
keyboardShortcut: None
cellCoordsText: None
includeTableCellCoords: True
rowHeaderText: None
columnHeaderText: None
current: NO (false)
positionInfo_indexInGroup: 9
positionInfo_similarItemsInGroup: 10

 gesture: kb(desktop):tab
name: New to you
role: TAB (22)
roleText: None
states: SELECTABLE (8388608), FOCUSABLE (16777216), FOCUSED (2)
errorMessage: None
value: 
description: None
hasDetails: False
detailsRoles: ()
descriptionFrom: UNKNOWN (1)
keyboardShortcut: None
cellCoordsText: None
includeTableCellCoords: True
rowHeaderText: None
columnHeaderText: None
current: NO (false)
positionInfo_indexInGroup: 10
positionInfo_similarItemsInGroup: 10
nvdaPrevObjectData is empty 
nvdaPrevObjectData is empty 
