nvdaPrevObjectData is empty 

 gesture: kb(desktop):tab
name: Show slide
role: BUTTON (9)
roleText: None
states: FOCUSABLE (16777216), FOCUSED (2)
errorMessage: None
value: 
description: None
hasDetails: False
detailsRoles: ()
descriptionFrom: UNKNOWN (1)
keyboardShortcut: None
cellCoordsText: None
includeTableCellCoords: True
rowHeaderText: None
columnHeaderText: None
current: NO (false)

 gesture: kb(desktop):tab
name: Show slide
role: BUTTON (9)
roleText: None
states: FOCUSABLE (16777216), FOCUSED (2)
errorMessage: None
value: 
description: None
hasDetails: False
detailsRoles: ()
descriptionFrom: UNKNOWN (1)
keyboardShortcut: None
cellCoordsText: None
includeTableCellCoords: True
rowHeaderText: None
columnHeaderText: None
current: NO (false)

 gesture: kb(desktop):tab
name: Show slide
role: BUTTON (9)
roleText: None
states: FOCUSABLE (16777216), FOCUSED (2)
errorMessage: None
value: 
description: None
hasDetails: False
detailsRoles: ()
descriptionFrom: UNKNOWN (1)
keyboardShortcut: None
cellCoordsText: None
includeTableCellCoords: True
rowHeaderText: None
columnHeaderText: None
current: NO (false)

 gesture: kb(desktop):tab
name: Show slide
role: BUTTON (9)
roleText: None
states: FOCUSABLE (16777216), FOCUSED (2)
errorMessage: None
value: 
description: None
hasDetails: False
detailsRoles: ()
descriptionFrom: UNKNOWN (1)
keyboardShortcut: None
cellCoordsText: None
includeTableCellCoords: True
rowHeaderText: None
columnHeaderText: None
current: NO (false)

 gesture: kb(desktop):tab
name: Show slide
role: BUTTON (9)
roleText: None
states: FOCUSABLE (16777216), FOCUSED (2)
errorMessage: None
value: 
description: None
hasDetails: False
detailsRoles: ()
descriptionFrom: UNKNOWN (1)
keyboardShortcut: None
cellCoordsText: None
includeTableCellCoords: True
rowHeaderText: None
columnHeaderText: None
current: NO (false)

 gesture: kb(desktop):tab
name: Show slide
role: BUTTON (9)
roleText: None
states: FOCUSABLE (16777216), FOCUSED (2)
errorMessage: None
value: 
description: None
hasDetails: False
detailsRoles: ()
descriptionFrom: UNKNOWN (1)
keyboardShortcut: None
cellCoordsText: None
includeTableCellCoords: True
rowHeaderText: None
columnHeaderText: None
current: NO (false)

 gesture: kb(desktop):tab
name: Show slide
role: BUTTON (9)
roleText: None
states: FOCUSABLE (16777216), FOCUSED (2)
errorMessage: None
value: 
description: None
hasDetails: False
detailsRoles: ()
descriptionFrom: UNKNOWN (1)
keyboardShortcut: None
cellCoordsText: None
includeTableCellCoords: True
rowHeaderText: None
columnHeaderText: None
current: NO (false)

 gesture: kb(desktop):tab
name: Show slide
role: BUTTON (9)
roleText: None
states: FOCUSABLE (16777216), FOCUSED (2)
errorMessage: None
value: 
description: None
hasDetails: False
detailsRoles: ()
descriptionFrom: UNKNOWN (1)
keyboardShortcut: None
cellCoordsText: None
includeTableCellCoords: True
rowHeaderText: None
columnHeaderText: None
current: NO (false)

 gesture: kb(desktop):tab
name: Show slide
role: BUTTON (9)
roleText: None
states: FOCUSABLE (16777216), FOCUSED (2)
errorMessage: None
value: 
description: None
hasDetails: False
detailsRoles: ()
descriptionFrom: UNKNOWN (1)
keyboardShortcut: None
cellCoordsText: None
includeTableCellCoords: True
rowHeaderText: None
columnHeaderText: None
current: NO (false)
