nvdaPrevObjectData is empty 

 gesture: kb(desktop):enter
name: Education & goals
role: MENUITEM (11)
roleText: None
states: COLLAPSED (512), HASPOPUP (8192), FOCUSED (2), FOCUSABLE (16777216)
errorMessage: None
value: 
description: None
hasDetails: False
detailsRoles: ()
descriptionFrom: UNKNOWN (1)
keyboardShortcut: None
cellCoordsText: None
includeTableCellCoords: True
rowHeaderText: None
columnHeaderText: None
current: NO (false)
positionInfo_indexInGroup: 7
positionInfo_similarItemsInGroup: 8

 gesture: kb(desktop):enter
name: Travel
role: MENUITEM (11)
roleText: None
states: COLLAPSED (512), HASPOPUP (8192), FOCUSED (2), FOCUSABLE (16777216)
errorMessage: None
value: 
description: None
hasDetails: False
detailsRoles: ()
descriptionFrom: UNKNOWN (1)
keyboardShortcut: None
cellCoordsText: None
includeTableCellCoords: True
rowHeaderText: None
columnHeaderText: None
current: NO (false)
positionInfo_indexInGroup: 8
positionInfo_similarItemsInGroup: 8

 gesture: kb(desktop):tab
name: Proceed
role: BUTTON (9)
roleText: None
states: FOCUSABLE (16777216), FOCUSED (2)
errorMessage: None
value: 
description: None
hasDetails: False
detailsRoles: ()
descriptionFrom: UNKNOWN (1)
keyboardShortcut: None
cellCoordsText: None
includeTableCellCoords: True
rowHeaderText: None
columnHeaderText: None
current: NO (false)

 gesture: kb(desktop):tab
name: Proceed
role: BUTTON (9)
roleText: None
states: FOCUSABLE (16777216), FOCUSED (2)
errorMessage: None
value: 
description: None
hasDetails: False
detailsRoles: ()
descriptionFrom: UNKNOWN (1)
keyboardShortcut: None
cellCoordsText: None
includeTableCellCoords: True
rowHeaderText: None
columnHeaderText: None
current: NO (false)

 gesture: kb(desktop):tab
name: Cancel
role: BUTTON (9)
roleText: None
states: FOCUSABLE (16777216), FOCUSED (2)
errorMessage: None
value: 
description: None
hasDetails: False
detailsRoles: ()
descriptionFrom: UNKNOWN (1)
keyboardShortcut: None
cellCoordsText: None
includeTableCellCoords: True
rowHeaderText: None
columnHeaderText: None
current: NO (false)

 gesture: kb(desktop):tab
name: Proceed
role: BUTTON (9)
roleText: None
states: FOCUSABLE (16777216), FOCUSED (2)
errorMessage: None
value: 
description: None
hasDetails: False
detailsRoles: ()
descriptionFrom: UNKNOWN (1)
keyboardShortcut: None
cellCoordsText: None
includeTableCellCoords: True
rowHeaderText: None
columnHeaderText: None
current: NO (false)

 gesture: kb(desktop):tab
name: Cancel
role: BUTTON (9)
roleText: None
states: FOCUSABLE (16777216), FOCUSED (2)
errorMessage: None
value: 
description: None
hasDetails: False
detailsRoles: ()
descriptionFrom: UNKNOWN (1)
keyboardShortcut: None
cellCoordsText: None
includeTableCellCoords: True
rowHeaderText: None
columnHeaderText: None
current: NO (false)

 gesture: kb(desktop):tab
name: Proceed
role: BUTTON (9)
roleText: None
states: FOCUSABLE (16777216), FOCUSED (2)
errorMessage: None
value: 
description: None
hasDetails: False
detailsRoles: ()
descriptionFrom: UNKNOWN (1)
keyboardShortcut: None
cellCoordsText: None
includeTableCellCoords: True
rowHeaderText: None
columnHeaderText: None
current: NO (false)

 gesture: kb(desktop):tab
name: Proceed
role: BUTTON (9)
roleText: None
states: FOCUSABLE (16777216), FOCUSED (2)
errorMessage: None
value: 
description: None
hasDetails: False
detailsRoles: ()
descriptionFrom: UNKNOWN (1)
keyboardShortcut: None
cellCoordsText: None
includeTableCellCoords: True
rowHeaderText: None
columnHeaderText: None
current: NO (false)

 gesture: kb(desktop):tab
name: Proceed
role: BUTTON (9)
roleText: None
states: FOCUSABLE (16777216), FOCUSED (2)
errorMessage: None
value: 
description: None
hasDetails: False
detailsRoles: ()
descriptionFrom: UNKNOWN (1)
keyboardShortcut: None
cellCoordsText: None
includeTableCellCoords: True
rowHeaderText: None
columnHeaderText: None
current: NO (false)

 gesture: kb(desktop):tab
name: Proceed
role: BUTTON (9)
roleText: None
states: FOCUSABLE (16777216), FOCUSED (2)
errorMessage: None
value: 
description: None
hasDetails: False
detailsRoles: ()
descriptionFrom: UNKNOWN (1)
keyboardShortcut: None
cellCoordsText: None
includeTableCellCoords: True
rowHeaderText: None
columnHeaderText: None
current: NO (false)

 gesture: kb(desktop):tab
name: Cancel
role: BUTTON (9)
roleText: None
states: FOCUSABLE (16777216), FOCUSED (2)
errorMessage: None
value: 
description: None
hasDetails: False
detailsRoles: ()
descriptionFrom: UNKNOWN (1)
keyboardShortcut: None
cellCoordsText: None
includeTableCellCoords: True
rowHeaderText: None
columnHeaderText: None
current: NO (false)

 gesture: kb(desktop):tab
name: Proceed
role: BUTTON (9)
roleText: None
states: FOCUSABLE (16777216), FOCUSED (2)
errorMessage: None
value: 
description: None
hasDetails: False
detailsRoles: ()
descriptionFrom: UNKNOWN (1)
keyboardShortcut: None
cellCoordsText: None
includeTableCellCoords: True
rowHeaderText: None
columnHeaderText: None
current: NO (false)
